<?xml version="1.0" encoding="UTF-8"?>
<!-- Generated by org.testng.reporters.JUnitXMLReporter -->
<testsuite hostname="ATMECSINLT-135" ignored="0" name="TestProductColorFilters" tests="2" failures="1" timestamp="28 Aug 2019 13:27:05 GMT" time="106.573" errors="0">
  <testcase name="testColorFilterAndVerifyProduct" time="18.234" classname="com.atmecs.toolsqa.testscripts.TestColorFilter">
    <failure type="java.lang.AssertionError" message="Verify after selecting color filter product appears">
      <![CDATA[java.lang.AssertionError: Verify after selecting color filter product appears
at com.atmecs.toolsqa.utils.VerifyResult.verifyTrueAndStopTest(VerifyResult.java:47)
at com.atmecs.toolsqa.testscripts.TestColorFilter.testColorFilterAndVerifyProduct(TestColorFilter.java:38)
... Removed 27 stack frames]]>
    </failure>
  </testcase> <!-- testColorFilterAndVerifyProduct -->
  <testcase name="testColorFilterAndVerifyProductError" time="66.5" classname="com.atmecs.toolsqa.testscripts.TestColorFilter"/>
</testsuite> <!-- TestProductColorFilters -->
